  [4;36;1mSQL (0.1ms)[0m   [0;1mSET SQL_AUTO_IS_NULL=0[0m


Processing HomeController#index (for 127.0.0.1 at 2010-04-15 22:56:45) [GET]
  Parameters: {"action"=>"index", "controller"=>"home"}
Rendering template within layouts/application
Rendering home/index
Completed in 18ms (View: 17, DB: 0) | 200 OK [http://ritzylunch.local/]
  [4;35;1mSQL (0.1ms)[0m   [0mSET SQL_AUTO_IS_NULL=0[0m


Processing ApplicationController#index (for 127.0.0.1 at 2010-04-15 22:56:48) [GET]
  [4;36;1mSQL (0.1ms)[0m   [0;1mSET SQL_AUTO_IS_NULL=0[0m

ActionController::RoutingError (No route matches "/images/closelabel.gif" with {:method=>:get}):
  passenger (2.2.5) lib/phusion_passenger/rack/request_handler.rb:95:in `process_request'
  passenger (2.2.5) lib/phusion_passenger/abstract_request_handler.rb:207:in `main_loop'
  passenger (2.2.5) lib/phusion_passenger/railz/application_spawner.rb:378:in `start_request_handler'
  passenger (2.2.5) lib/phusion_passenger/railz/application_spawner.rb:336:in `handle_spawn_application'
  passenger (2.2.5) lib/phusion_passenger/utils.rb:183:in `safe_fork'
  passenger (2.2.5) lib/phusion_passenger/railz/application_spawner.rb:334:in `handle_spawn_application'
  passenger (2.2.5) lib/phusion_passenger/abstract_server.rb:352:in `__send__'
  passenger (2.2.5) lib/phusion_passenger/abstract_server.rb:352:in `main_loop'
  passenger (2.2.5) lib/phusion_passenger/abstract_server.rb:196:in `start_synchronously'
  passenger (2.2.5) lib/phusion_passenger/abstract_server.rb:163:in `start'
  passenger (2.2.5) lib/phusion_passenger/railz/application_spawner.rb:213:in `start'
  passenger (2.2.5) lib/phusion_passenger/spawn_manager.rb:262:in `spawn_rails_application'
  passenger (2.2.5) lib/phusion_passenger/abstract_server_collection.rb:126:in `lookup_or_add'
  passenger (2.2.5) lib/phusion_passenger/spawn_manager.rb:256:in `spawn_rails_application'
  passenger (2.2.5) lib/phusion_passenger/abstract_server_collection.rb:80:in `synchronize'
  passenger (2.2.5) lib/phusion_passenger/abstract_server_collection.rb:79:in `synchronize'
  passenger (2.2.5) lib/phusion_passenger/spawn_manager.rb:255:in `spawn_rails_application'
  passenger (2.2.5) lib/phusion_passenger/spawn_manager.rb:154:in `spawn_application'
  passenger (2.2.5) lib/phusion_passenger/spawn_manager.rb:287:in `handle_spawn_application'
  passenger (2.2.5) lib/phusion_passenger/abstract_server.rb:352:in `__send__'
  passenger (2.2.5) lib/phusion_passenger/abstract_server.rb:352:in `main_loop'
  passenger (2.2.5) lib/phusion_passenger/abstract_server.rb:196:in `start_synchronously'

Rendering rescues/layout (not_found)


Processing ApplicationController#index (for 127.0.0.1 at 2010-04-15 22:56:48) [GET]

ActionController::RoutingError (No route matches "/images/loading-big.gif" with {:method=>:get}):
  passenger (2.2.5) lib/phusion_passenger/rack/request_handler.rb:95:in `process_request'
  passenger (2.2.5) lib/phusion_passenger/abstract_request_handler.rb:207:in `main_loop'
  passenger (2.2.5) lib/phusion_passenger/railz/application_spawner.rb:378:in `start_request_handler'
  passenger (2.2.5) lib/phusion_passenger/railz/application_spawner.rb:336:in `handle_spawn_application'
  passenger (2.2.5) lib/phusion_passenger/utils.rb:183:in `safe_fork'
  passenger (2.2.5) lib/phusion_passenger/railz/application_spawner.rb:334:in `handle_spawn_application'
  passenger (2.2.5) lib/phusion_passenger/abstract_server.rb:352:in `__send__'
  passenger (2.2.5) lib/phusion_passenger/abstract_server.rb:352:in `main_loop'
  passenger (2.2.5) lib/phusion_passenger/abstract_server.rb:196:in `start_synchronously'
  passenger (2.2.5) lib/phusion_passenger/abstract_server.rb:163:in `start'
  passenger (2.2.5) lib/phusion_passenger/railz/application_spawner.rb:213:in `start'
  passenger (2.2.5) lib/phusion_passenger/spawn_manager.rb:262:in `spawn_rails_application'
  passenger (2.2.5) lib/phusion_passenger/abstract_server_collection.rb:126:in `lookup_or_add'
  passenger (2.2.5) lib/phusion_passenger/spawn_manager.rb:256:in `spawn_rails_application'
  passenger (2.2.5) lib/phusion_passenger/abstract_server_collection.rb:80:in `synchronize'
  passenger (2.2.5) lib/phusion_passenger/abstract_server_collection.rb:79:in `synchronize'
  passenger (2.2.5) lib/phusion_passenger/spawn_manager.rb:255:in `spawn_rails_application'
  passenger (2.2.5) lib/phusion_passenger/spawn_manager.rb:154:in `spawn_application'
  passenger (2.2.5) lib/phusion_passenger/spawn_manager.rb:287:in `handle_spawn_application'
  passenger (2.2.5) lib/phusion_passenger/abstract_server.rb:352:in `__send__'
  passenger (2.2.5) lib/phusion_passenger/abstract_server.rb:352:in `main_loop'
  passenger (2.2.5) lib/phusion_passenger/abstract_server.rb:196:in `start_synchronously'

Rendering rescues/layout (not_found)
  [4;35;1mSQL (0.1ms)[0m   [0mSET SQL_AUTO_IS_NULL=0[0m


Processing ApplicationController#index (for 127.0.0.1 at 2010-04-15 22:56:50) [GET]

ActionController::RoutingError (No route matches "/images/loading-big.gif" with {:method=>:get}):
  passenger (2.2.5) lib/phusion_passenger/rack/request_handler.rb:95:in `process_request'
  passenger (2.2.5) lib/phusion_passenger/abstract_request_handler.rb:207:in `main_loop'
  passenger (2.2.5) lib/phusion_passenger/railz/application_spawner.rb:378:in `start_request_handler'
  passenger (2.2.5) lib/phusion_passenger/railz/application_spawner.rb:336:in `handle_spawn_application'
  passenger (2.2.5) lib/phusion_passenger/utils.rb:183:in `safe_fork'
  passenger (2.2.5) lib/phusion_passenger/railz/application_spawner.rb:334:in `handle_spawn_application'
  passenger (2.2.5) lib/phusion_passenger/abstract_server.rb:352:in `__send__'
  passenger (2.2.5) lib/phusion_passenger/abstract_server.rb:352:in `main_loop'
  passenger (2.2.5) lib/phusion_passenger/abstract_server.rb:196:in `start_synchronously'
  passenger (2.2.5) lib/phusion_passenger/abstract_server.rb:163:in `start'
  passenger (2.2.5) lib/phusion_passenger/railz/application_spawner.rb:213:in `start'
  passenger (2.2.5) lib/phusion_passenger/spawn_manager.rb:262:in `spawn_rails_application'
  passenger (2.2.5) lib/phusion_passenger/abstract_server_collection.rb:126:in `lookup_or_add'
  passenger (2.2.5) lib/phusion_passenger/spawn_manager.rb:256:in `spawn_rails_application'
  passenger (2.2.5) lib/phusion_passenger/abstract_server_collection.rb:80:in `synchronize'
  passenger (2.2.5) lib/phusion_passenger/abstract_server_collection.rb:79:in `synchronize'
  passenger (2.2.5) lib/phusion_passenger/spawn_manager.rb:255:in `spawn_rails_application'
  passenger (2.2.5) lib/phusion_passenger/spawn_manager.rb:154:in `spawn_application'
  passenger (2.2.5) lib/phusion_passenger/spawn_manager.rb:287:in `handle_spawn_application'
  passenger (2.2.5) lib/phusion_passenger/abstract_server.rb:352:in `__send__'
  passenger (2.2.5) lib/phusion_passenger/abstract_server.rb:352:in `main_loop'
  passenger (2.2.5) lib/phusion_passenger/abstract_server.rb:196:in `start_synchronously'

Rendering rescues/layout (not_found)
  [4;36;1mSQL (0.1ms)[0m   [0;1mSET SQL_AUTO_IS_NULL=0[0m


Processing HomeController#index (for 127.0.0.1 at 2010-04-15 22:57:33) [GET]
  Parameters: {"action"=>"index", "controller"=>"home"}
Rendering template within layouts/application
Rendering home/index
Completed in 18ms (View: 17, DB: 0) | 200 OK [http://ritzylunch.local/]
  [4;35;1mSQL (0.1ms)[0m   [0mSET SQL_AUTO_IS_NULL=0[0m


Processing ApplicationController#index (for 127.0.0.1 at 2010-04-15 22:57:34) [GET]

ActionController::RoutingError (No route matches "/images/loading-big.gif" with {:method=>:get}):
  passenger (2.2.5) lib/phusion_passenger/rack/request_handler.rb:95:in `process_request'
  passenger (2.2.5) lib/phusion_passenger/abstract_request_handler.rb:207:in `main_loop'
  passenger (2.2.5) lib/phusion_passenger/railz/application_spawner.rb:378:in `start_request_handler'
  passenger (2.2.5) lib/phusion_passenger/railz/application_spawner.rb:336:in `handle_spawn_application'
  passenger (2.2.5) lib/phusion_passenger/utils.rb:183:in `safe_fork'
  passenger (2.2.5) lib/phusion_passenger/railz/application_spawner.rb:334:in `handle_spawn_application'
  passenger (2.2.5) lib/phusion_passenger/abstract_server.rb:352:in `__send__'
  passenger (2.2.5) lib/phusion_passenger/abstract_server.rb:352:in `main_loop'
  passenger (2.2.5) lib/phusion_passenger/abstract_server.rb:196:in `start_synchronously'
  passenger (2.2.5) lib/phusion_passenger/abstract_server.rb:163:in `start'
  passenger (2.2.5) lib/phusion_passenger/railz/application_spawner.rb:213:in `start'
  passenger (2.2.5) lib/phusion_passenger/spawn_manager.rb:262:in `spawn_rails_application'
  passenger (2.2.5) lib/phusion_passenger/abstract_server_collection.rb:126:in `lookup_or_add'
  passenger (2.2.5) lib/phusion_passenger/spawn_manager.rb:256:in `spawn_rails_application'
  passenger (2.2.5) lib/phusion_passenger/abstract_server_collection.rb:80:in `synchronize'
  passenger (2.2.5) lib/phusion_passenger/abstract_server_collection.rb:79:in `synchronize'
  passenger (2.2.5) lib/phusion_passenger/spawn_manager.rb:255:in `spawn_rails_application'
  passenger (2.2.5) lib/phusion_passenger/spawn_manager.rb:154:in `spawn_application'
  passenger (2.2.5) lib/phusion_passenger/spawn_manager.rb:287:in `handle_spawn_application'
  passenger (2.2.5) lib/phusion_passenger/abstract_server.rb:352:in `__send__'
  passenger (2.2.5) lib/phusion_passenger/abstract_server.rb:352:in `main_loop'
  passenger (2.2.5) lib/phusion_passenger/abstract_server.rb:196:in `start_synchronously'

Rendering rescues/layout (not_found)
  [4;36;1mSQL (0.1ms)[0m   [0;1mSET SQL_AUTO_IS_NULL=0[0m


Processing ApplicationController#index (for 127.0.0.1 at 2010-04-15 22:57:36) [GET]

ActionController::RoutingError (No route matches "/images/loading-big.gif" with {:method=>:get}):
  passenger (2.2.5) lib/phusion_passenger/rack/request_handler.rb:95:in `process_request'
  passenger (2.2.5) lib/phusion_passenger/abstract_request_handler.rb:207:in `main_loop'
  passenger (2.2.5) lib/phusion_passenger/railz/application_spawner.rb:378:in `start_request_handler'
  passenger (2.2.5) lib/phusion_passenger/railz/application_spawner.rb:336:in `handle_spawn_application'
  passenger (2.2.5) lib/phusion_passenger/utils.rb:183:in `safe_fork'
  passenger (2.2.5) lib/phusion_passenger/railz/application_spawner.rb:334:in `handle_spawn_application'
  passenger (2.2.5) lib/phusion_passenger/abstract_server.rb:352:in `__send__'
  passenger (2.2.5) lib/phusion_passenger/abstract_server.rb:352:in `main_loop'
  passenger (2.2.5) lib/phusion_passenger/abstract_server.rb:196:in `start_synchronously'
  passenger (2.2.5) lib/phusion_passenger/abstract_server.rb:163:in `start'
  passenger (2.2.5) lib/phusion_passenger/railz/application_spawner.rb:213:in `start'
  passenger (2.2.5) lib/phusion_passenger/spawn_manager.rb:262:in `spawn_rails_application'
  passenger (2.2.5) lib/phusion_passenger/abstract_server_collection.rb:126:in `lookup_or_add'
  passenger (2.2.5) lib/phusion_passenger/spawn_manager.rb:256:in `spawn_rails_application'
  passenger (2.2.5) lib/phusion_passenger/abstract_server_collection.rb:80:in `synchronize'
  passenger (2.2.5) lib/phusion_passenger/abstract_server_collection.rb:79:in `synchronize'
  passenger (2.2.5) lib/phusion_passenger/spawn_manager.rb:255:in `spawn_rails_application'
  passenger (2.2.5) lib/phusion_passenger/spawn_manager.rb:154:in `spawn_application'
  passenger (2.2.5) lib/phusion_passenger/spawn_manager.rb:287:in `handle_spawn_application'
  passenger (2.2.5) lib/phusion_passenger/abstract_server.rb:352:in `__send__'
  passenger (2.2.5) lib/phusion_passenger/abstract_server.rb:352:in `main_loop'
  passenger (2.2.5) lib/phusion_passenger/abstract_server.rb:196:in `start_synchronously'

Rendering rescues/layout (not_found)
